\BOOKMARK [0][-]{chapter.1}{Folgen}{}% 1
\BOOKMARK [1][-]{section.1.1}{Verschiedene Darstellungen}{chapter.1}% 2
\BOOKMARK [2][-]{subsection.1.1.1}{Explizite Darstellung}{section.1.1}% 3
\BOOKMARK [2][-]{subsection.1.1.2}{Rekursive Darstellung}{section.1.1}% 4
\BOOKMARK [1][-]{section.1.2}{Auff\344llige Folgen}{chapter.1}% 5
\BOOKMARK [2][-]{subsection.1.2.1}{Arithmetische Folgen}{section.1.2}% 6
\BOOKMARK [2][-]{subsection.1.2.2}{Geometrische Folgen}{section.1.2}% 7
\BOOKMARK [1][-]{section.1.3}{Klassifizierung von Folgen}{chapter.1}% 8
\BOOKMARK [2][-]{subsection.1.3.1}{Monotonie}{section.1.3}% 9
\BOOKMARK [2][-]{subsection.1.3.2}{Beschr\344nktheit}{section.1.3}% 10
\BOOKMARK [2][-]{subsection.1.3.3}{Konvergenz}{section.1.3}% 11
\BOOKMARK [1][-]{section.1.4}{Vollst\344ndige Induktion}{chapter.1}% 12
\BOOKMARK [0][-]{chapter.2}{Reihen}{}% 13
\BOOKMARK [1][-]{section.2.1}{Artithmetische Reihen}{chapter.2}% 14
\BOOKMARK [2][-]{subsection.2.1.1}{Gau\337'sche Summenformel}{section.2.1}% 15
\BOOKMARK [2][-]{subsection.2.1.2}{Allgemein}{section.2.1}% 16
\BOOKMARK [1][-]{section.2.2}{Geometrische Reihen}{chapter.2}% 17
\BOOKMARK [0][-]{chapter.3}{Funktionsuntersuchung}{}% 18
\BOOKMARK [1][-]{section.3.1}{Stetigkeit}{chapter.3}% 19
\BOOKMARK [1][-]{section.3.2}{Differenzierbarkeit}{chapter.3}% 20
\BOOKMARK [2][-]{subsection.3.2.1}{Zusammenhang zwischen Stetigkeit und Differenzierbarkeit}{section.3.2}% 21
\BOOKMARK [1][-]{section.3.3}{Ableitungsregeln}{chapter.3}% 22
\BOOKMARK [2][-]{subsection.3.3.1}{Produktregel}{section.3.3}% 23
\BOOKMARK [2][-]{subsection.3.3.2}{Quotientenregel}{section.3.3}% 24
\BOOKMARK [2][-]{subsection.3.3.3}{Kettenregel}{section.3.3}% 25
\BOOKMARK [2][-]{subsection.3.3.4}{Tangente und Normale}{section.3.3}% 26
\BOOKMARK [1][-]{section.3.4}{Vollst\344ndige Funktionsuntersuchung}{chapter.3}% 27
\BOOKMARK [2][-]{subsection.3.4.1}{Definitionsbereich}{section.3.4}% 28
\BOOKMARK [2][-]{subsection.3.4.2}{Achsenschnittpunkte}{section.3.4}% 29
\BOOKMARK [2][-]{subsection.3.4.3}{Symmetrie}{section.3.4}% 30
\BOOKMARK [2][-]{subsection.3.4.4}{Grenzwerte}{section.3.4}% 31
\BOOKMARK [2][-]{subsection.3.4.5}{Asymptoten}{section.3.4}% 32
\BOOKMARK [2][-]{subsection.3.4.6}{Monotonie}{section.3.4}% 33
\BOOKMARK [2][-]{subsection.3.4.7}{Extremstellen}{section.3.4}% 34
\BOOKMARK [2][-]{subsection.3.4.8}{Wendestellen}{section.3.4}% 35
\BOOKMARK [2][-]{subsection.3.4.9}{Umkehrbarkeit}{section.3.4}% 36
\BOOKMARK [2][-]{subsection.3.4.10}{Beispiel}{section.3.4}% 37
\BOOKMARK [1][-]{section.3.5}{Funktionenscharen}{chapter.3}% 38
\BOOKMARK [2][-]{subsection.3.5.1}{Beispiel}{section.3.5}% 39
\BOOKMARK [0][-]{chapter.4}{Trigonometrie}{}% 40
\BOOKMARK [1][-]{section.4.1}{Kurze Wiederholung}{chapter.4}% 41
\BOOKMARK [1][-]{section.4.2}{Additions- und Verdopplungss\344tze}{chapter.4}% 42
\BOOKMARK [1][-]{section.4.3}{Allgemeine Sinus- und Kosinuss\344tze}{chapter.4}% 43
\BOOKMARK [1][-]{section.4.4}{Sinusfunktionen}{chapter.4}% 44
\BOOKMARK [2][-]{subsection.4.4.1}{Zusammengesetzte Sinusfunktionen}{section.4.4}% 45
\BOOKMARK [1][-]{section.4.5}{Polarkoordinaten}{chapter.4}% 46
\BOOKMARK [2][-]{subsection.4.5.1}{Umrechnung}{section.4.5}% 47
\BOOKMARK [1][-]{section.4.6}{Beispiel einer Funktionsdiskussion}{chapter.4}% 48
\BOOKMARK [2][-]{subsection.4.6.1}{Definitionsmenge}{section.4.6}% 49
\BOOKMARK [2][-]{subsection.4.6.2}{Periodizit\344t und Amplitude}{section.4.6}% 50
\BOOKMARK [2][-]{subsection.4.6.3}{Nullstellen}{section.4.6}% 51
\BOOKMARK [2][-]{subsection.4.6.4}{Ableitungen}{section.4.6}% 52
\BOOKMARK [2][-]{subsection.4.6.5}{Extremstellen}{section.4.6}% 53
\BOOKMARK [2][-]{subsection.4.6.6}{Wendestellen}{section.4.6}% 54
\BOOKMARK [2][-]{subsection.4.6.7}{Schaubild}{section.4.6}% 55
\BOOKMARK [2][-]{subsection.4.6.8}{Symmetrie}{section.4.6}% 56
\BOOKMARK [0][-]{chapter.5}{Vektorielle Geometrie}{}% 57
\BOOKMARK [1][-]{section.5.1}{Vektoren}{chapter.5}% 58
\BOOKMARK [2][-]{subsection.5.1.1}{Besondere Vektoren}{section.5.1}% 59
\BOOKMARK [1][-]{section.5.2}{Basen und Erzeugendensystem}{chapter.5}% 60
\BOOKMARK [2][-]{subsection.5.2.1}{Besondere Basen}{section.5.2}% 61
\BOOKMARK [2][-]{subsection.5.2.2}{Basistransformation}{section.5.2}% 62
\BOOKMARK [1][-]{section.5.3}{Winkel zwischen Vektoren}{chapter.5}% 63
\BOOKMARK [2][-]{subsection.5.3.1}{Orientierte Winkel}{section.5.3}% 64
\BOOKMARK [2][-]{subsection.5.3.2}{Rechnungen mit Winkeln}{section.5.3}% 65
\BOOKMARK [1][-]{section.5.4}{Linearkombination}{chapter.5}% 66
\BOOKMARK [1][-]{section.5.5}{Skalarprodukt}{chapter.5}% 67
\BOOKMARK [1][-]{section.5.6}{Kreuzprodukt}{chapter.5}% 68
\BOOKMARK [1][-]{section.5.7}{Geraden}{chapter.5}% 69
\BOOKMARK [2][-]{subsection.5.7.1}{Darstellungen}{section.5.7}% 70
\BOOKMARK [2][-]{subsection.5.7.2}{Lagebeziehungen zwischen Geraden}{section.5.7}% 71
\BOOKMARK [2][-]{subsection.5.7.3}{Abstand zu einem Punkt}{section.5.7}% 72
\BOOKMARK [2][-]{subsection.5.7.4}{Abstand zweier Geraden}{section.5.7}% 73
\BOOKMARK [1][-]{section.5.8}{Ebenen}{chapter.5}% 74
\BOOKMARK [2][-]{subsection.5.8.1}{Darstellungen}{section.5.8}% 75
\BOOKMARK [2][-]{subsection.5.8.2}{Lagebeziehungen zwischen Ebenen und Geraden}{section.5.8}% 76
\BOOKMARK [2][-]{subsection.5.8.3}{Lagebeziehungen zwischen Ebenen}{section.5.8}% 77
\BOOKMARK [2][-]{subsection.5.8.4}{Winkel zwischen Ebenen \(und Geraden\)}{section.5.8}% 78
\BOOKMARK [2][-]{subsection.5.8.5}{Abstand zu einem Punkt}{section.5.8}% 79
\BOOKMARK [1][-]{section.5.9}{Kreise und Kugeln}{chapter.5}% 80
\BOOKMARK [2][-]{subsection.5.9.1}{Kreise}{section.5.9}% 81
\BOOKMARK [2][-]{subsection.5.9.2}{Kugeln}{section.5.9}% 82
\BOOKMARK [1][-]{section.5.10}{Spatprodukt}{chapter.5}% 83
\BOOKMARK [1][-]{section.5.11}{Dyadisches Produkt}{chapter.5}% 84
\BOOKMARK [1][-]{section.5.12}{S\344tze}{chapter.5}% 85
\BOOKMARK [2][-]{subsection.5.12.1}{S\344tze des Pythagoras}{section.5.12}% 86
\BOOKMARK [2][-]{subsection.5.12.2}{Euklids S\344tze}{section.5.12}% 87
\BOOKMARK [2][-]{subsection.5.12.3}{Strahlens\344tze}{section.5.12}% 88
\BOOKMARK [2][-]{subsection.5.12.4}{Der Satz des Apollinius}{section.5.12}% 89
\BOOKMARK [0][-]{chapter.6}{Komplexe Zahlen}{}% 90
\BOOKMARK [1][-]{section.6.1}{Einf\374hrung}{chapter.6}% 91
\BOOKMARK [1][-]{section.6.2}{Der K\366rper der komplexen Zahlen}{chapter.6}% 92
\BOOKMARK [1][-]{section.6.3}{Die Gau\337'sche Zahlenebene}{chapter.6}% 93
\BOOKMARK [0][-]{chapter.7}{Statistik und Wahrscheinlichkeit}{}% 94
\BOOKMARK [1][-]{section.7.1}{Hypothesentests}{chapter.7}% 95
\BOOKMARK [0][-]{chapter.8}{Arithmetik}{}% 96
\BOOKMARK [1][-]{section.8.1}{Die vollst\344ndige Induktion}{chapter.8}% 97
\BOOKMARK [0][-]{chapter.9}{Matrizen}{}% 98
\BOOKMARK [1][-]{section.9.1}{Lineare Gleichungssysteme und Gau\337algorythmus}{chapter.9}% 99
\BOOKMARK [1][-]{section.9.2}{LGS mit dem Taschenrechner l\366sen}{chapter.9}% 100
\BOOKMARK [2][-]{subsection.9.2.1}{Eindeutig l\366sbare lineare Gleichungssysteme}{section.9.2}% 101
\BOOKMARK [2][-]{subsection.9.2.2}{Nicht eindeutig l\366sbare lineare Gleichungssysteme}{section.9.2}% 102
\BOOKMARK [0][-]{chapter.10}{Algorithmik}{}% 103
\BOOKMARK [1][-]{section.10.1}{Algorithmen und Programmierung}{chapter.10}% 104
\BOOKMARK [2][-]{subsection.10.1.1}{Pseudocode}{section.10.1}% 105
\BOOKMARK [2][-]{subsection.10.1.2}{Python}{section.10.1}% 106
\BOOKMARK [1][-]{section.10.2}{Algorithmen und mathematische Anwendungen}{chapter.10}% 107
\BOOKMARK [2][-]{subsection.10.2.1}{Iterationsverfahren}{section.10.2}% 108
\BOOKMARK [0][-]{chapter.11}{Integrale}{}% 109
\BOOKMARK [1][-]{section.11.1}{Einf\374hrung - Stammfunktionen}{chapter.11}% 110
\BOOKMARK [1][-]{section.11.2}{Bestimmte Integrale}{chapter.11}% 111
\BOOKMARK [1][-]{section.11.3}{S\344tze \374ber Integrale}{chapter.11}% 112
\BOOKMARK [1][-]{section.11.4}{Integrationsregeln und -techniken}{chapter.11}% 113
\BOOKMARK [2][-]{subsection.11.4.1}{Potenzregel}{section.11.4}% 114
\BOOKMARK [2][-]{subsection.11.4.2}{Partielle Integration}{section.11.4}% 115
\BOOKMARK [2][-]{subsection.11.4.3}{Substitution}{section.11.4}% 116
\BOOKMARK [2][-]{subsection.11.4.4}{Substitution der Integrationsvariablen}{section.11.4}% 117
\BOOKMARK [2][-]{subsection.11.4.5}{Integrale von e-Funktionen}{section.11.4}% 118
\BOOKMARK [2][-]{subsection.11.4.6}{Integrale von ln\(\)-Funktionen}{section.11.4}% 119
\BOOKMARK [2][-]{subsection.11.4.7}{Integrale von \(un\)geraden Funktionen}{section.11.4}% 120
\BOOKMARK [2][-]{subsection.11.4.8}{Integrale von periodischen Funktionen}{section.11.4}% 121
\BOOKMARK [1][-]{section.11.5}{Fl\344chen und Volumen mit Integralen berechnen}{chapter.11}% 122
\BOOKMARK [2][-]{subsection.11.5.1}{Fl\344che zwischen einer Funktion und der x1-Achse}{section.11.5}% 123
\BOOKMARK [2][-]{subsection.11.5.2}{Fl\344che zwischen zwei Funktionen}{section.11.5}% 124
\BOOKMARK [2][-]{subsection.11.5.3}{Volumenangaben mittels Integralen}{section.11.5}% 125
\BOOKMARK [1][-]{section.11.6}{Uneigentliche Integrale}{chapter.11}% 126
\BOOKMARK [1][-]{section.11.7}{Merkenswerte Integrale}{chapter.11}% 127
\BOOKMARK [0][-]{chapter.12}{Exponentialfunktionen}{}% 128
\BOOKMARK [1][-]{section.12.1}{Wiederholung: Potenzgesetze}{chapter.12}% 129
\BOOKMARK [1][-]{section.12.2}{Die Eulersche Zahl \(e\)}{chapter.12}% 130
\BOOKMARK [2][-]{subsection.12.2.1}{Verschiedene Darstellungen}{section.12.2}% 131
\BOOKMARK [2][-]{subsection.12.2.2}{Herleitung zur Zahl e}{section.12.2}% 132
\BOOKMARK [2][-]{subsection.12.2.3}{e ist irrational}{section.12.2}% 133
\BOOKMARK [1][-]{section.12.3}{Eigenschaften}{chapter.12}% 134
\BOOKMARK [1][-]{section.12.4}{Basiswechsel}{chapter.12}% 135
\BOOKMARK [1][-]{section.12.5}{Ableitungsregeln}{chapter.12}% 136
\BOOKMARK [2][-]{subsection.12.5.1}{Aktivit\344t}{section.12.5}% 137
\BOOKMARK [0][-]{chapter.13}{Logarithmen}{}% 138
\BOOKMARK [1][-]{section.13.1}{Eigenschaften}{chapter.13}% 139
\BOOKMARK [1][-]{section.13.2}{Rechengesetze}{chapter.13}% 140
\BOOKMARK [0][-]{chapter.14}{Algebra}{}% 141
\BOOKMARK [0][-]{chapter.15}{ANHANG: Physik}{}% 142
\BOOKMARK [1][-]{section.15.1}{La physique des particules}{chapter.15}% 143
\BOOKMARK [1][-]{section.15.2}{Interaction gravitationelle}{chapter.15}% 144
\BOOKMARK [2][-]{subsection.15.2.1}{Le champ de gravitation}{section.15.2}% 145
\BOOKMARK [1][-]{section.15.3}{Interaction \351lectromagn\351tique}{chapter.15}% 146
\BOOKMARK [2][-]{subsection.15.3.1}{Le champ \351lectrique}{section.15.3}% 147
\BOOKMARK [2][-]{subsection.15.3.2}{Le champ magn\351tique}{section.15.3}% 148
\BOOKMARK [1][-]{section.15.4}{Mouvement, vitesse et acc\351l\351ration d'un systeme physique}{chapter.15}% 149
\BOOKMARK [1][-]{section.15.5}{Les 3 lois de Newton}{chapter.15}% 150
\BOOKMARK [2][-]{subsection.15.5.1}{1ere loi}{section.15.5}% 151
\BOOKMARK [2][-]{subsection.15.5.2}{2eme loi}{section.15.5}% 152
\BOOKMARK [2][-]{subsection.15.5.3}{3eme loi}{section.15.5}% 153
\BOOKMARK [1][-]{section.15.6}{\311nergies et TEC}{chapter.15}% 154
\BOOKMARK [1][-]{section.15.7}{L'analyse dimensionnelle}{chapter.15}% 155
\BOOKMARK [1][-]{section.15.8}{Mouvements dans le champ de pesanteur uniforme}{chapter.15}% 156
\BOOKMARK [1][-]{section.15.9}{Mouvements de satellites et des plan\350tes}{chapter.15}% 157
\BOOKMARK [2][-]{subsection.15.9.1}{Les 3 lois de Kepler}{section.15.9}% 158
\BOOKMARK [1][-]{section.15.10}{Syst\350mes oscillants}{chapter.15}% 159
